{"C:\\Users\\masim\\Microverse\\Module-2\\Week3\\Projects\\IsongTodoList\\to_dolist\\src\\todos.js": {"path":"C:\\Users\\masim\\Microverse\\Module-2\\Week3\\Projects\\IsongTodoList\\to_dolist\\src\\todos.js","statementMap":{"0":{"start":{"line":3,"column":4},"end":{"line":5,"column":11}},"1":{"start":{"line":9,"column":4},"end":{"line":9,"column":61}},"2":{"start":{"line":13,"column":4},"end":{"line":13,"column":25}},"3":{"start":{"line":14,"column":4},"end":{"line":14,"column":27}},"4":{"start":{"line":18,"column":4},"end":{"line":18,"column":63}},"5":{"start":{"line":18,"column":43},"end":{"line":18,"column":61}},"6":{"start":{"line":19,"column":4},"end":{"line":21,"column":7}},"7":{"start":{"line":20,"column":6},"end":{"line":20,"column":29}},"8":{"start":{"line":22,"column":4},"end":{"line":22,"column":27}},"9":{"start":{"line":26,"column":4},"end":{"line":31,"column":7}},"10":{"start":{"line":27,"column":6},"end":{"line":29,"column":7}},"11":{"start":{"line":28,"column":8},"end":{"line":28,"column":57}},"12":{"start":{"line":30,"column":6},"end":{"line":30,"column":18}},"13":{"start":{"line":32,"column":4},"end":{"line":32,"column":27}},"14":{"start":{"line":36,"column":21},"end":{"line":36,"column":76}},"15":{"start":{"line":36,"column":54},"end":{"line":36,"column":75}},"16":{"start":{"line":37,"column":4},"end":{"line":37,"column":43}},"17":{"start":{"line":38,"column":4},"end":{"line":38,"column":27}},"18":{"start":{"line":42,"column":4},"end":{"line":42,"column":60}},"19":{"start":{"line":42,"column":43},"end":{"line":42,"column":58}},"20":{"start":{"line":43,"column":4},"end":{"line":45,"column":7}},"21":{"start":{"line":44,"column":6},"end":{"line":44,"column":29}},"22":{"start":{"line":46,"column":4},"end":{"line":46,"column":27}}},"fnMap":{"0":{"name":"(anonymous_0)","decl":{"start":{"line":2,"column":2},"end":{"line":2,"column":3}},"loc":{"start":{"line":2,"column":16},"end":{"line":6,"column":3}},"line":2},"1":{"name":"(anonymous_1)","decl":{"start":{"line":8,"column":2},"end":{"line":8,"column":3}},"loc":{"start":{"line":8,"column":20},"end":{"line":10,"column":3}},"line":8},"2":{"name":"(anonymous_2)","decl":{"start":{"line":12,"column":2},"end":{"line":12,"column":3}},"loc":{"start":{"line":12,"column":16},"end":{"line":15,"column":3}},"line":12},"3":{"name":"(anonymous_3)","decl":{"start":{"line":17,"column":2},"end":{"line":17,"column":3}},"loc":{"start":{"line":17,"column":21},"end":{"line":23,"column":3}},"line":17},"4":{"name":"(anonymous_4)","decl":{"start":{"line":18,"column":33},"end":{"line":18,"column":34}},"loc":{"start":{"line":18,"column":43},"end":{"line":18,"column":61}},"line":18},"5":{"name":"(anonymous_5)","decl":{"start":{"line":19,"column":22},"end":{"line":19,"column":23}},"loc":{"start":{"line":19,"column":39},"end":{"line":21,"column":5}},"line":19},"6":{"name":"(anonymous_6)","decl":{"start":{"line":25,"column":2},"end":{"line":25,"column":3}},"loc":{"start":{"line":25,"column":36},"end":{"line":33,"column":3}},"line":25},"7":{"name":"(anonymous_7)","decl":{"start":{"line":26,"column":30},"end":{"line":26,"column":31}},"loc":{"start":{"line":26,"column":40},"end":{"line":31,"column":5}},"line":26},"8":{"name":"(anonymous_8)","decl":{"start":{"line":35,"column":2},"end":{"line":35,"column":3}},"loc":{"start":{"line":35,"column":31},"end":{"line":39,"column":3}},"line":35},"9":{"name":"(anonymous_9)","decl":{"start":{"line":36,"column":41},"end":{"line":36,"column":42}},"loc":{"start":{"line":36,"column":54},"end":{"line":36,"column":75}},"line":36},"10":{"name":"(anonymous_10)","decl":{"start":{"line":41,"column":2},"end":{"line":41,"column":3}},"loc":{"start":{"line":41,"column":24},"end":{"line":47,"column":3}},"line":41},"11":{"name":"(anonymous_11)","decl":{"start":{"line":42,"column":33},"end":{"line":42,"column":34}},"loc":{"start":{"line":42,"column":43},"end":{"line":42,"column":58}},"line":42},"12":{"name":"(anonymous_12)","decl":{"start":{"line":43,"column":22},"end":{"line":43,"column":23}},"loc":{"start":{"line":43,"column":39},"end":{"line":45,"column":5}},"line":43}},"branchMap":{"0":{"loc":{"start":{"line":3,"column":16},"end":{"line":5,"column":10}},"type":"cond-expr","locations":[{"start":{"line":4,"column":8},"end":{"line":4,"column":49}},{"start":{"line":5,"column":8},"end":{"line":5,"column":10}}],"line":3},"1":{"loc":{"start":{"line":27,"column":6},"end":{"line":29,"column":7}},"type":"if","locations":[{"start":{"line":27,"column":6},"end":{"line":29,"column":7}},{"start":{},"end":{}}],"line":27}},"s":{"0":2,"1":4,"2":3,"3":3,"4":1,"5":3,"6":1,"7":2,"8":1,"9":0,"10":0,"11":0,"12":0,"13":0,"14":0,"15":0,"16":0,"17":0,"18":0,"19":0,"20":0,"21":0,"22":0},"f":{"0":2,"1":4,"2":3,"3":1,"4":3,"5":2,"6":0,"7":0,"8":0,"9":0,"10":0,"11":0,"12":0},"b":{"0":[1,1],"1":[0,0]},"_coverageSchema":"1a1c01bbd47fc00a2c39e90264f33305004495a9","hash":"1022e386bd6715b92eaa2393a93c4b70e75ac9d9"}
}
