TN:
SF:src\todos.js
FN:2,(anonymous_0)
FN:8,(anonymous_1)
FN:12,(anonymous_2)
FN:17,(anonymous_3)
FN:18,(anonymous_4)
FN:19,(anonymous_5)
FN:25,(anonymous_6)
FN:26,(anonymous_7)
FN:35,(anonymous_8)
FN:36,(anonymous_9)
FN:41,(anonymous_10)
FN:42,(anonymous_11)
FN:43,(anonymous_12)
FNF:13
FNH:6
FNDA:2,(anonymous_0)
FNDA:4,(anonymous_1)
FNDA:3,(anonymous_2)
FNDA:1,(anonymous_3)
FNDA:3,(anonymous_4)
FNDA:2,(anonymous_5)
FNDA:0,(anonymous_6)
FNDA:0,(anonymous_7)
FNDA:0,(anonymous_8)
FNDA:0,(anonymous_9)
FNDA:0,(anonymous_10)
FNDA:0,(anonymous_11)
FNDA:0,(anonymous_12)
DA:3,2
DA:9,4
DA:13,3
DA:14,3
DA:18,3
DA:19,1
DA:20,2
DA:22,1
DA:26,0
DA:27,0
DA:28,0
DA:30,0
DA:32,0
DA:36,0
DA:37,0
DA:38,0
DA:42,0
DA:43,0
DA:44,0
DA:46,0
LF:20
LH:8
BRDA:3,0,0,1
BRDA:3,0,1,1
BRDA:27,1,0,0
BRDA:27,1,1,0
BRF:4
BRH:2
end_of_record
